[0.043s] Invoking command in '/home/kjcs/homogeneous_transform_ws/build/homogeneous_transform_pkg': CMAKE_PREFIX_PATH=${CMAKE_PREFIX_PATH}:/home/kjcs/ws_moveit2/install/moveit_configs_utils:/home/kjcs/ws_moveit2/install/launch_param_builder:/home/kjcs/ros2_humble/install/rqt_bag_plugins:/home/kjcs/ros2_humble/install/rqt_bag:/home/kjcs/ros2_humble/install/ros2bag:/home/kjcs/ros2_humble/install/tracetools_test:/home/kjcs/ros2_humble/install/tracetools_launch:/home/kjcs/ros2_humble/install/topic_monitor:/home/kjcs/ros2_humble/install/tf2_tools:/home/kjcs/ros2_humble/install/examples_tf2_py:/home/kjcs/ros2_humble/install/tf2_ros_py:/home/kjcs/ros2_humble/install/sros2:/home/kjcs/ros2_humble/install/rqt_topic:/home/kjcs/ros2_humble/install/rqt_srv:/home/kjcs/ros2_humble/install/rqt_shell:/home/kjcs/ros2_humble/install/rqt_service_caller:/home/kjcs/ros2_humble/install/rqt_reconfigure:/home/kjcs/ros2_humble/install/rqt_py_console:/home/kjcs/ros2_humble/install/rqt_publisher:/home/kjcs/ros2_humble/install/rqt_plot:/home/kjcs/ros2_humble/install/rqt_action:/home/kjcs/ros2_humble/install/rqt_msg:/home/kjcs/ros2_humble/install/rqt_console:/home/kjcs/ros2_humble/install/rqt:/home/kjcs/ros2_humble/install/rqt_graph:/home/kjcs/ros2_humble/install/rqt_gui_py:/home/kjcs/ros2_humble/install/rqt_gui:/home/kjcs/ros2_humble/install/ros2trace:/home/kjcs/ros2_humble/install/ros2topic:/home/kjcs/ros2_humble/install/ros2test:/home/kjcs/ros2_humble/install/ros2component:/home/kjcs/ros2_humble/install/ros2param:/home/kjcs/ros2_humble/install/ros2lifecycle:/home/kjcs/ros2_humble/install/ros2service:/home/kjcs/ros2_humble/install/ros2run:/home/kjcs/ros2_humble/install/ros2launch:/home/kjcs/ros2_humble/install/ros2pkg:/home/kjcs/ros2_humble/install/ros2node:/home/kjcs/ros2_humble/install/ros2multicast:/home/kjcs/ros2_humble/install/ros2interface:/home/kjcs/ros2_humble/install/ros2doctor:/home/kjcs/ros2_humble/install/ros2action:/home/kjcs/ros2_humble/install/ros2cli:/home/kjcs/ros2_humble/install/quality_of_service_demo_py:/home/kjcs/ros2_humble/install/lifecycle_py:/home/kjcs/ros2_humble/install/launch_testing_ros:/home/kjcs/ros2_humble/install/launch_ros:/home/kjcs/ros2_humble/install/examples_rclpy_pointcloud_publisher:/home/kjcs/ros2_humble/install/examples_rclpy_minimal_subscriber:/home/kjcs/ros2_humble/install/examples_rclpy_minimal_service:/home/kjcs/ros2_humble/install/examples_rclpy_minimal_publisher:/home/kjcs/ros2_humble/install/examples_rclpy_minimal_client:/home/kjcs/ros2_humble/install/examples_rclpy_minimal_action_server:/home/kjcs/ros2_humble/install/examples_rclpy_minimal_action_client:/home/kjcs/ros2_humble/install/examples_rclpy_guard_conditions:/home/kjcs/ros2_humble/install/examples_rclpy_executors:/home/kjcs/ros2_humble/install/demo_nodes_py:/home/kjcs/ros2_humble/install/action_tutorials_py:/home/kjcs/ros2_humble/install/ament_uncrustify:/home/kjcs/ros2_humble/install/tracetools_trace:/home/kjcs/ros2_humble/install/tracetools_read:/home/kjcs/ros2_humble/install/test_tracetools_launch:/home/kjcs/ros2_humble/install/test_launch_ros:/home/kjcs/ros2_humble/install/sensor_msgs_py:/home/kjcs/ros2_humble/install/rpyutils:/home/kjcs/ros2_humble/install/rosidl_runtime_py:/home/kjcs/ros2_humble/install/rosidl_cli:/home/kjcs/ros2_humble/install/launch_pytest:/home/kjcs/ros2_humble/install/launch_testing:/home/kjcs/ros2_humble/install/launch_yaml:/home/kjcs/ros2_humble/install/launch_xml:/home/kjcs/ros2_humble/install/launch:/home/kjcs/ros2_humble/install/osrf_pycommon:/home/kjcs/ros2_humble/install/launch_testing_examples:/home/kjcs/ros2_humble/install/domain_coordinator:/home/kjcs/ros2_humble/install/ament_xmllint:/home/kjcs/ros2_humble/install/ament_pyflakes:/home/kjcs/ros2_humble/install/ament_pycodestyle:/home/kjcs/ros2_humble/install/ament_pep257:/home/kjcs/ros2_humble/install/ament_pclint:/home/kjcs/ros2_humble/install/ament_package:/home/kjcs/ros2_humble/install/ament_mypy:/home/kjcs/ros2_humble/install/ament_lint_cmake:/home/kjcs/ros2_humble/install/ament_flake8:/home/kjcs/ros2_humble/install/ament_copyright:/home/kjcs/ros2_humble/install/ament_lint:/home/kjcs/ros2_humble/install/ament_index_python:/home/kjcs/ros2_humble/install/ament_cpplint:/home/kjcs/ros2_humble/install/ament_cppcheck:/home/kjcs/ros2_humble/install/ament_clang_tidy:/home/kjcs/ros2_humble/install/ament_clang_format:/opt/ros/humble /usr/bin/cmake --build /home/kjcs/homogeneous_transform_ws/build/homogeneous_transform_pkg -- -j8 -l8
[0.085s] -- Found ament_cmake: 1.3.5 (/home/kjcs/ros2_humble/install/ament_cmake/share/ament_cmake/cmake)
[0.404s] -- Found rclcpp: 16.0.4 (/home/kjcs/ros2_humble/install/rclcpp/share/rclcpp/cmake)
[0.429s] -- Found rosidl_generator_c: 3.1.4 (/home/kjcs/ros2_humble/install/rosidl_generator_c/share/rosidl_generator_c/cmake)
[0.431s] -- Found rosidl_adapter: 3.1.4 (/home/kjcs/ros2_humble/install/rosidl_adapter/share/rosidl_adapter/cmake)
[0.435s] -- Found rosidl_generator_cpp: 3.1.4 (/home/kjcs/ros2_humble/install/rosidl_generator_cpp/share/rosidl_generator_cpp/cmake)
[0.467s] -- Using all available rosidl_typesupport_c: rosidl_typesupport_introspection_c;rosidl_typesupport_fastrtps_c
[0.501s] -- Using all available rosidl_typesupport_cpp: rosidl_typesupport_introspection_cpp;rosidl_typesupport_fastrtps_cpp
[0.567s] -- Found rmw_implementation_cmake: 6.1.1 (/home/kjcs/ros2_humble/install/rmw_implementation_cmake/share/rmw_implementation_cmake/cmake)
[0.593s] -- Found rmw_cyclonedds_cpp: 1.3.4 (/home/kjcs/ros2_humble/install/rmw_cyclonedds_cpp/share/rmw_cyclonedds_cpp/cmake)
[0.637s] -- Using RMW implementation 'rmw_cyclonedds_cpp' as default
[0.745s] -- Found rosidl_default_generators: 1.2.0 (/home/kjcs/ros2_humble/install/rosidl_default_generators/share/rosidl_default_generators/cmake)
[1.338s] -- Found ament_cmake_ros: 0.10.0 (/home/kjcs/ros2_humble/install/ament_cmake_ros/share/ament_cmake_ros/cmake)
[2.016s] -- Using all available rosidl_typesupport_c: rosidl_typesupport_introspection_c;rosidl_typesupport_fastrtps_c
[2.297s] -- Using all available rosidl_typesupport_cpp: rosidl_typesupport_introspection_cpp;rosidl_typesupport_fastrtps_cpp
[2.351s] -- Found python_cmake_module: 0.10.0 (/home/kjcs/ros2_humble/install/python_cmake_module/share/python_cmake_module/cmake)
[2.403s] -- Using PYTHON_EXECUTABLE: /usr/bin/python3
[2.403s] -- Using PYTHON_INCLUDE_DIRS: /usr/include/python3.10
[2.403s] -- Using PYTHON_LIBRARIES: /usr/lib/x86_64-linux-gnu/libpython3.10.so
[2.720s] -- Found ament_lint_auto: 0.12.6 (/home/kjcs/ros2_humble/install/ament_lint_auto/share/ament_lint_auto/cmake)
[2.778s] -- Added test 'cppcheck' to perform static code analysis on C / C++ code
[2.779s] -- Configured cppcheck include dirs: 
[2.779s] -- Configured cppcheck exclude dirs and/or files: 
[2.779s] -- Added test 'lint_cmake' to check CMake code style
[2.779s] -- Added test 'uncrustify' to check C / C++ code style
[2.779s] -- Configured uncrustify additional arguments: 
[2.780s] -- Added test 'xmllint' to check XML markup files
[2.781s] -- Configuring done
[2.806s] -- Generating done
[2.809s] -- Build files have been written to: /home/kjcs/homogeneous_transform_ws/build/homogeneous_transform_pkg
[2.863s] [35m[1mConsolidate compiler generated dependencies of target homogeneous_transform_pkg__rosidl_generator_c[0m
[2.892s] [  2%] [32mBuilding CXX object CMakeFiles/homogeneous_transform_server.dir/src/homogeneous_transform_server.cpp.o[0m
[2.893s] [  5%] Built target homogeneous_transform_pkg__cpp
[2.903s] [  8%] [32m[1mLinking C shared library libhomogeneous_transform_pkg__rosidl_generator_c.so[0m
[2.905s] [ 11%] [32mBuilding CXX object CMakeFiles/homogeneous_transform_client.dir/src/homogeneous_transform_client.cpp.o[0m
[2.929s] [ 14%] [34m[1mGenerating C++ type support for eProsima Fast-RTPS[0m
[2.929s] [ 14%] Built target ament_cmake_python_copy_homogeneous_transform_pkg
[2.933s] [ 17%] [34m[1mGenerating C++ introspection for ROS interfaces[0m
[2.936s] [ 20%] [34m[1mGenerating C++ type support dispatch for ROS interfaces[0m
[2.996s] [ 25%] Built target homogeneous_transform_pkg__rosidl_generator_c
[3.041s] [ 28%] [34m[1mGenerating C type support for eProsima Fast-RTPS[0m
[3.052s] [ 31%] [34m[1mGenerating C introspection for ROS interfaces[0m
[3.194s] [01m[K/home/kjcs/homogeneous_transform_ws/src/homogeneous_transform_pkg/src/homogeneous_transform_server.cpp:2:10:[m[K [01;31m[Kfatal error: [m[Khomogeneous_transform_pkg/srv/homogeneous_transform.hpp: Arquivo ou diret√≥rio inexistente
[3.195s]     2 | #include [01;31m[K"homogeneous_transform_pkg/srv/homogeneous_transform.hpp"[m[K
[3.195s]       |          [01;31m[K^~~~~~~~~~~~~~~~~~~~~~~~~~~~~~~~~~~~~~~~~~~~~~~~~~~~~~~~~[m[K
[3.195s] compilation terminated.
[3.197s] gmake[2]: *** [CMakeFiles/homogeneous_transform_server.dir/build.make:76: CMakeFiles/homogeneous_transform_server.dir/src/homogeneous_transform_server.cpp.o] Erro 1
[3.198s] gmake[1]: *** [CMakeFiles/Makefile2:594: CMakeFiles/homogeneous_transform_server.dir/all] Erro 2
[3.198s] gmake[1]: ** Esperando que outros processos terminem.
[3.222s] [01m[K/home/kjcs/homogeneous_transform_ws/src/homogeneous_transform_pkg/src/homogeneous_transform_client.cpp:2:10:[m[K [01;31m[Kfatal error: [m[Khomogeneous_transform_pkg/srv/homogeneous_transform.hpp: Arquivo ou diret√≥rio inexistente
[3.222s]     2 | #include [01;31m[K"homogeneous_transform_pkg/srv/homogeneous_transform.hpp"[m[K
[3.222s]       |          [01;31m[K^~~~~~~~~~~~~~~~~~~~~~~~~~~~~~~~~~~~~~~~~~~~~~~~~~~~~~~~~[m[K
[3.222s] compilation terminated.
[3.225s] gmake[2]: *** [CMakeFiles/homogeneous_transform_client.dir/build.make:76: CMakeFiles/homogeneous_transform_client.dir/src/homogeneous_transform_client.cpp.o] Erro 1
[3.225s] gmake[1]: *** [CMakeFiles/Makefile2:620: CMakeFiles/homogeneous_transform_client.dir/all] Erro 2
[3.489s] [ 34%] [32mBuilding CXX object CMakeFiles/homogeneous_transform_pkg__rosidl_typesupport_fastrtps_cpp.dir/rosidl_typesupport_fastrtps_cpp/homogeneous_transform_pkg/srv/detail/dds_fastrtps/homogeneous_transform__type_support.cpp.o[0m
[3.591s] [ 37%] [32mBuilding CXX object CMakeFiles/homogeneous_transform_pkg__rosidl_typesupport_cpp.dir/rosidl_typesupport_cpp/homogeneous_transform_pkg/srv/homogeneous_transform__type_support.cpp.o[0m
[3.613s] [ 40%] [32mBuilding CXX object CMakeFiles/homogeneous_transform_pkg__rosidl_typesupport_introspection_cpp.dir/rosidl_typesupport_introspection_cpp/homogeneous_transform_pkg/srv/detail/homogeneous_transform__type_support.cpp.o[0m
[3.652s] running egg_info
[3.653s] writing homogeneous_transform_pkg.egg-info/PKG-INFO
[3.654s] writing dependency_links to homogeneous_transform_pkg.egg-info/dependency_links.txt
[3.654s] writing top-level names to homogeneous_transform_pkg.egg-info/top_level.txt
[3.658s] reading manifest file 'homogeneous_transform_pkg.egg-info/SOURCES.txt'
[3.659s] writing manifest file 'homogeneous_transform_pkg.egg-info/SOURCES.txt'
[3.687s] [ 42%] [32mBuilding C object CMakeFiles/homogeneous_transform_pkg__rosidl_typesupport_introspection_c.dir/rosidl_typesupport_introspection_c/homogeneous_transform_pkg/srv/detail/homogeneous_transform__type_support.c.o[0m
[3.699s] [ 45%] [32mBuilding CXX object CMakeFiles/homogeneous_transform_pkg__rosidl_typesupport_fastrtps_c.dir/rosidl_typesupport_fastrtps_c/homogeneous_transform_pkg/srv/detail/homogeneous_transform__type_support_c.cpp.o[0m
[3.717s] [ 45%] Built target ament_cmake_python_build_homogeneous_transform_pkg_egg
[3.753s] [ 48%] [32m[1mLinking C shared library libhomogeneous_transform_pkg__rosidl_typesupport_introspection_c.so[0m
[3.815s] [ 48%] Built target homogeneous_transform_pkg__rosidl_typesupport_introspection_c
[3.854s] [ 51%] [32m[1mLinking CXX shared library libhomogeneous_transform_pkg__rosidl_typesupport_cpp.so[0m
[3.918s] [ 51%] Built target homogeneous_transform_pkg__rosidl_typesupport_cpp
[3.970s] [ 54%] [32m[1mLinking CXX shared library libhomogeneous_transform_pkg__rosidl_typesupport_fastrtps_cpp.so[0m
[3.980s] [ 57%] [32m[1mLinking CXX shared library libhomogeneous_transform_pkg__rosidl_typesupport_introspection_cpp.so[0m
[4.058s] [ 57%] Built target homogeneous_transform_pkg__rosidl_typesupport_fastrtps_cpp
[4.060s] [ 57%] Built target homogeneous_transform_pkg__rosidl_typesupport_introspection_cpp
[4.068s] [ 60%] [32m[1mLinking CXX shared library libhomogeneous_transform_pkg__rosidl_typesupport_fastrtps_c.so[0m
[4.144s] [ 60%] Built target homogeneous_transform_pkg__rosidl_typesupport_fastrtps_c
[4.145s] gmake: *** [Makefile:146: all] Erro 2
[4.146s] Invoked command in '/home/kjcs/homogeneous_transform_ws/build/homogeneous_transform_pkg' returned '2': CMAKE_PREFIX_PATH=${CMAKE_PREFIX_PATH}:/home/kjcs/ws_moveit2/install/moveit_configs_utils:/home/kjcs/ws_moveit2/install/launch_param_builder:/home/kjcs/ros2_humble/install/rqt_bag_plugins:/home/kjcs/ros2_humble/install/rqt_bag:/home/kjcs/ros2_humble/install/ros2bag:/home/kjcs/ros2_humble/install/tracetools_test:/home/kjcs/ros2_humble/install/tracetools_launch:/home/kjcs/ros2_humble/install/topic_monitor:/home/kjcs/ros2_humble/install/tf2_tools:/home/kjcs/ros2_humble/install/examples_tf2_py:/home/kjcs/ros2_humble/install/tf2_ros_py:/home/kjcs/ros2_humble/install/sros2:/home/kjcs/ros2_humble/install/rqt_topic:/home/kjcs/ros2_humble/install/rqt_srv:/home/kjcs/ros2_humble/install/rqt_shell:/home/kjcs/ros2_humble/install/rqt_service_caller:/home/kjcs/ros2_humble/install/rqt_reconfigure:/home/kjcs/ros2_humble/install/rqt_py_console:/home/kjcs/ros2_humble/install/rqt_publisher:/home/kjcs/ros2_humble/install/rqt_plot:/home/kjcs/ros2_humble/install/rqt_action:/home/kjcs/ros2_humble/install/rqt_msg:/home/kjcs/ros2_humble/install/rqt_console:/home/kjcs/ros2_humble/install/rqt:/home/kjcs/ros2_humble/install/rqt_graph:/home/kjcs/ros2_humble/install/rqt_gui_py:/home/kjcs/ros2_humble/install/rqt_gui:/home/kjcs/ros2_humble/install/ros2trace:/home/kjcs/ros2_humble/install/ros2topic:/home/kjcs/ros2_humble/install/ros2test:/home/kjcs/ros2_humble/install/ros2component:/home/kjcs/ros2_humble/install/ros2param:/home/kjcs/ros2_humble/install/ros2lifecycle:/home/kjcs/ros2_humble/install/ros2service:/home/kjcs/ros2_humble/install/ros2run:/home/kjcs/ros2_humble/install/ros2launch:/home/kjcs/ros2_humble/install/ros2pkg:/home/kjcs/ros2_humble/install/ros2node:/home/kjcs/ros2_humble/install/ros2multicast:/home/kjcs/ros2_humble/install/ros2interface:/home/kjcs/ros2_humble/install/ros2doctor:/home/kjcs/ros2_humble/install/ros2action:/home/kjcs/ros2_humble/install/ros2cli:/home/kjcs/ros2_humble/install/quality_of_service_demo_py:/home/kjcs/ros2_humble/install/lifecycle_py:/home/kjcs/ros2_humble/install/launch_testing_ros:/home/kjcs/ros2_humble/install/launch_ros:/home/kjcs/ros2_humble/install/examples_rclpy_pointcloud_publisher:/home/kjcs/ros2_humble/install/examples_rclpy_minimal_subscriber:/home/kjcs/ros2_humble/install/examples_rclpy_minimal_service:/home/kjcs/ros2_humble/install/examples_rclpy_minimal_publisher:/home/kjcs/ros2_humble/install/examples_rclpy_minimal_client:/home/kjcs/ros2_humble/install/examples_rclpy_minimal_action_server:/home/kjcs/ros2_humble/install/examples_rclpy_minimal_action_client:/home/kjcs/ros2_humble/install/examples_rclpy_guard_conditions:/home/kjcs/ros2_humble/install/examples_rclpy_executors:/home/kjcs/ros2_humble/install/demo_nodes_py:/home/kjcs/ros2_humble/install/action_tutorials_py:/home/kjcs/ros2_humble/install/ament_uncrustify:/home/kjcs/ros2_humble/install/tracetools_trace:/home/kjcs/ros2_humble/install/tracetools_read:/home/kjcs/ros2_humble/install/test_tracetools_launch:/home/kjcs/ros2_humble/install/test_launch_ros:/home/kjcs/ros2_humble/install/sensor_msgs_py:/home/kjcs/ros2_humble/install/rpyutils:/home/kjcs/ros2_humble/install/rosidl_runtime_py:/home/kjcs/ros2_humble/install/rosidl_cli:/home/kjcs/ros2_humble/install/launch_pytest:/home/kjcs/ros2_humble/install/launch_testing:/home/kjcs/ros2_humble/install/launch_yaml:/home/kjcs/ros2_humble/install/launch_xml:/home/kjcs/ros2_humble/install/launch:/home/kjcs/ros2_humble/install/osrf_pycommon:/home/kjcs/ros2_humble/install/launch_testing_examples:/home/kjcs/ros2_humble/install/domain_coordinator:/home/kjcs/ros2_humble/install/ament_xmllint:/home/kjcs/ros2_humble/install/ament_pyflakes:/home/kjcs/ros2_humble/install/ament_pycodestyle:/home/kjcs/ros2_humble/install/ament_pep257:/home/kjcs/ros2_humble/install/ament_pclint:/home/kjcs/ros2_humble/install/ament_package:/home/kjcs/ros2_humble/install/ament_mypy:/home/kjcs/ros2_humble/install/ament_lint_cmake:/home/kjcs/ros2_humble/install/ament_flake8:/home/kjcs/ros2_humble/install/ament_copyright:/home/kjcs/ros2_humble/install/ament_lint:/home/kjcs/ros2_humble/install/ament_index_python:/home/kjcs/ros2_humble/install/ament_cpplint:/home/kjcs/ros2_humble/install/ament_cppcheck:/home/kjcs/ros2_humble/install/ament_clang_tidy:/home/kjcs/ros2_humble/install/ament_clang_format:/opt/ros/humble /usr/bin/cmake --build /home/kjcs/homogeneous_transform_ws/build/homogeneous_transform_pkg -- -j8 -l8
