-- Found ament_cmake: 1.3.5 (/home/kjcs/ros2_humble/install/ament_cmake/share/ament_cmake/cmake)
-- Found rclcpp: 16.0.4 (/home/kjcs/ros2_humble/install/rclcpp/share/rclcpp/cmake)
-- Found rosidl_generator_c: 3.1.4 (/home/kjcs/ros2_humble/install/rosidl_generator_c/share/rosidl_generator_c/cmake)
-- Found rosidl_adapter: 3.1.4 (/home/kjcs/ros2_humble/install/rosidl_adapter/share/rosidl_adapter/cmake)
-- Found rosidl_generator_cpp: 3.1.4 (/home/kjcs/ros2_humble/install/rosidl_generator_cpp/share/rosidl_generator_cpp/cmake)
-- Using all available rosidl_typesupport_c: rosidl_typesupport_introspection_c;rosidl_typesupport_fastrtps_c
-- Using all available rosidl_typesupport_cpp: rosidl_typesupport_introspection_cpp;rosidl_typesupport_fastrtps_cpp
-- Found rmw_implementation_cmake: 6.1.1 (/home/kjcs/ros2_humble/install/rmw_implementation_cmake/share/rmw_implementation_cmake/cmake)
-- Found rmw_cyclonedds_cpp: 1.3.4 (/home/kjcs/ros2_humble/install/rmw_cyclonedds_cpp/share/rmw_cyclonedds_cpp/cmake)
-- Using RMW implementation 'rmw_cyclonedds_cpp' as default
-- Found rosidl_default_generators: 1.2.0 (/home/kjcs/ros2_humble/install/rosidl_default_generators/share/rosidl_default_generators/cmake)
-- Found ament_cmake_ros: 0.10.0 (/home/kjcs/ros2_humble/install/ament_cmake_ros/share/ament_cmake_ros/cmake)
-- Using all available rosidl_typesupport_c: rosidl_typesupport_introspection_c;rosidl_typesupport_fastrtps_c
-- Using all available rosidl_typesupport_cpp: rosidl_typesupport_introspection_cpp;rosidl_typesupport_fastrtps_cpp
-- Found python_cmake_module: 0.10.0 (/home/kjcs/ros2_humble/install/python_cmake_module/share/python_cmake_module/cmake)
-- Using PYTHON_EXECUTABLE: /usr/bin/python3
-- Using PYTHON_INCLUDE_DIRS: /usr/include/python3.10
-- Using PYTHON_LIBRARIES: /usr/lib/x86_64-linux-gnu/libpython3.10.so
-- Found ament_lint_auto: 0.12.6 (/home/kjcs/ros2_humble/install/ament_lint_auto/share/ament_lint_auto/cmake)
-- Added test 'cppcheck' to perform static code analysis on C / C++ code
-- Configured cppcheck include dirs: 
-- Configured cppcheck exclude dirs and/or files: 
-- Added test 'lint_cmake' to check CMake code style
-- Added test 'uncrustify' to check C / C++ code style
-- Configured uncrustify additional arguments: 
-- Added test 'xmllint' to check XML markup files
-- Configuring done
-- Generating done
-- Build files have been written to: /home/kjcs/homogeneous_transform_ws/build/homogeneous_transform_pkg
[  1%] [34m[1mGenerating C code for ROS interfaces[0m
[  3%] [32mBuilding CXX object CMakeFiles/homogeneous_transform_client.dir/src/homogeneous_transform_client.cpp.o[0m
[  5%] [32mBuilding CXX object CMakeFiles/homogeneous_transform_server.dir/src/homogeneous_transform_server.cpp.o[0m
[  7%] [34m[1mGenerating C++ code for ROS interfaces[0m
[  7%] Built target ament_cmake_python_copy_homogeneous_transform_pkg
[01m[K/home/kjcs/homogeneous_transform_ws/src/homogeneous_transform_pkg/src/homogeneous_transform_server.cpp:2:10:[m[K [01;31m[Kfatal error: [m[Khomogeneous_transform_pkg/srv/homogeneous_transform.hpp: Arquivo ou diret√≥rio inexistente
    2 | #include [01;31m[K"homogeneous_transform_pkg/srv/homogeneous_transform.hpp"[m[K
      |          [01;31m[K^~~~~~~~~~~~~~~~~~~~~~~~~~~~~~~~~~~~~~~~~~~~~~~~~~~~~~~~~[m[K
compilation terminated.
gmake[2]: *** [CMakeFiles/homogeneous_transform_server.dir/build.make:76: CMakeFiles/homogeneous_transform_server.dir/src/homogeneous_transform_server.cpp.o] Erro 1
gmake[1]: *** [CMakeFiles/Makefile2:594: CMakeFiles/homogeneous_transform_server.dir/all] Erro 2
gmake[1]: ** Esperando que outros processos terminem.
[01m[K/home/kjcs/homogeneous_transform_ws/src/homogeneous_transform_pkg/src/homogeneous_transform_client.cpp:2:10:[m[K [01;31m[Kfatal error: [m[Khomogeneous_transform_pkg/srv/homogeneous_transform.hpp: Arquivo ou diret√≥rio inexistente
    2 | #include [01;31m[K"homogeneous_transform_pkg/srv/homogeneous_transform.hpp"[m[K
      |          [01;31m[K^~~~~~~~~~~~~~~~~~~~~~~~~~~~~~~~~~~~~~~~~~~~~~~~~~~~~~~~~[m[K
compilation terminated.
gmake[2]: *** [CMakeFiles/homogeneous_transform_client.dir/build.make:76: CMakeFiles/homogeneous_transform_client.dir/src/homogeneous_transform_client.cpp.o] Erro 1
gmake[1]: *** [CMakeFiles/Makefile2:620: CMakeFiles/homogeneous_transform_client.dir/all] Erro 2
[  7%] Built target homogeneous_transform_pkg__cpp
[35m[1mConsolidate compiler generated dependencies of target homogeneous_transform_pkg__rosidl_generator_c[0m
running egg_info
writing homogeneous_transform_pkg.egg-info/PKG-INFO
writing dependency_links to homogeneous_transform_pkg.egg-info/dependency_links.txt
writing top-level names to homogeneous_transform_pkg.egg-info/top_level.txt
reading manifest file 'homogeneous_transform_pkg.egg-info/SOURCES.txt'
writing manifest file 'homogeneous_transform_pkg.egg-info/SOURCES.txt'
[  9%] [32mBuilding C object CMakeFiles/homogeneous_transform_pkg__rosidl_generator_c.dir/rosidl_generator_c/homogeneous_transform_pkg/msg/detail/transform_response__functions.c.o[0m
[ 11%] [32mBuilding C object CMakeFiles/homogeneous_transform_pkg__rosidl_generator_c.dir/rosidl_generator_c/homogeneous_transform_pkg/srv/detail/homogeneous_transform__functions.c.o[0m
[ 13%] [32mBuilding C object CMakeFiles/homogeneous_transform_pkg__rosidl_generator_c.dir/rosidl_generator_c/homogeneous_transform_pkg/msg/detail/transform_request__functions.c.o[0m
[ 13%] Built target ament_cmake_python_build_homogeneous_transform_pkg_egg
[ 15%] [32m[1mLinking C shared library libhomogeneous_transform_pkg__rosidl_generator_c.so[0m
[ 15%] Built target homogeneous_transform_pkg__rosidl_generator_c
gmake: *** [Makefile:146: all] Erro 2
